<?xml version="1.0" encoding="UTF-8"?>
<testsuites name="jest tests" tests="12" failures="0" time="1.353">
  <testsuite name="Workflow report" errors="0" failures="0" skipped="0" timestamp="2020-09-24T07:38:23" time="0.374" tests="2">
    <testcase classname="Workflow report Converts JUnit XML to failing cases in JSON" name="__tests__/workflow.test.js" time="0.015">
    </testcase>
    <testcase classname="Workflow report Converts failing cases in JSON to GitHub annotations" name="__tests__/workflow.test.js" time="0.001">
    </testcase>
  </testsuite>
  <testsuite name="Flat Jest report" errors="0" failures="0" skipped="0" timestamp="2020-09-24T07:38:23" time="0.162" tests="5">
    <testcase classname="Flat Jest report Converts Jest JUnit XML to GitHub annotations" name="__tests__/jest.test.js" time="0.005">
    </testcase>
    <testcase classname="Nested Jest report Converts Jest JUnit XML to failing cases in JSON" name="__tests__/jest.test.js" time="0.001">
    </testcase>
    <testcase classname="Nested Jest report Converts Jest failing cases in JSON to GitHub annotations" name="__tests__/jest.test.js" time="0.001">
    </testcase>
    <testcase classname="Folder Jest reports Converts Jest JUnit XML folder to failing cases in JSON" name="__tests__/jest.test.js" time="0.008">
    </testcase>
    <testcase classname="Folder Jest reports Converts Jest failing cases in JSON to GitHub annotations" name="__tests__/jest.test.js" time="0">
    </testcase>
  </testsuite>
  <testsuite name="Nested Cypress report" errors="0" failures="0" skipped="0" timestamp="2020-09-24T07:38:23" time="0.148" tests="4">
    <testcase classname="Nested Cypress report Converts JUnit XML to failing cases in JSON" name="__tests__/cypress.test.js" time="0.009">
    </testcase>
    <testcase classname="Nested Cypress report Converts failing cases in JSON to GitHub annotations" name="__tests__/cypress.test.js" time="0.001">
    </testcase>
    <testcase classname="Multiple Cypress reports Converts JUnit XML to failing cases in JSON" name="__tests__/cypress.test.js" time="0.007">
    </testcase>
    <testcase classname="Multiple Cypress reports Converts failing cases in JSON to GitHub annotations" name="__tests__/cypress.test.js" time="0.001">
    </testcase>
  </testsuite>
  <testsuite name="Not found report" errors="0" failures="0" skipped="0" timestamp="2020-09-24T07:38:24" time="0.126" tests="1">
    <testcase classname="Not found report Does not return failing cases" name="__tests__/index.test.js" time="0.003">
    </testcase>
  </testsuite>
</testsuites>