<?xml version="1.0"?>
<testsuites tests="4" failures="2" errors="0"><testsuite name="Root Suite" timestamp="2020-09-21T11:57:56" tests="0" file="cypress/integration/google_spec.js" time="0.0000" failures="0">
  </testsuite><testsuite name="Google" timestamp="2020-09-21T11:57:56" tests="2" time="1.2640" failures="0">
    <testcase name="Google By visiting google.com, page contains Google" time="1.2120" classname="By visiting google.com, page contains Google">
    </testcase>
    <testcase name="Google By visiting google.com, title contains Google" time="0.0520" classname="By visiting google.com, title contains Google">
    </testcase>
  </testsuite><testsuite name="Root Suite" timestamp="2020-09-21T11:57:24" tests="0" file="cypress/integration/github_spec.js" time="0.0000" failures="0">
  </testsuite><testsuite name="GitHub" timestamp="2020-09-21T11:57:24" tests="2" time="10.3710" failures="2">
    <testcase name="GitHub By visiting google.com, page contains GitHub" time="5.9800" classname="By visiting google.com, page contains GitHub">
      <failure message="Timed out retrying: Expected to find content: 'GitHub' but never did." type="AssertionError"><![CDATA[AssertionError: Timed out retrying: Expected to find content: 'GitHub' but never did.
    at Context.eval (https://www.google.com/__cypress/tests?p=cypress/integration/github_spec.js:97:130)]]></failure>
    </testcase>
    <testcase name="GitHub By visiting google.com, title contains GitHub" time="4.3910" classname="By visiting google.com, title contains GitHub">
      <failure message="Timed out retrying: expected '&lt;title>' to contain 'GitHub'" type="AssertionError"><![CDATA[AssertionError: Timed out retrying: expected '<title>' to contain 'GitHub'
    at Context.eval (https://www.google.com/__cypress/tests?p=cypress/integration/github_spec.js:97:235)]]></failure>
    </testcase>
  </testsuite></testsuites>